c:\users\cdwil\onedrive - afacademy.af.edu\cs210\easyhash\easyhash\x64\debug\vc142.pdb
c:\users\cdwil\onedrive - afacademy.af.edu\cs210\easyhash\easyhash\x64\debug\vc142.idb
c:\users\cdwil\onedrive - afacademy.af.edu\cs210\easyhash\easyhash\x64\debug\easyhashmain.obj
c:\users\cdwil\onedrive - afacademy.af.edu\cs210\easyhash\easyhash\x64\debug\easyhashfuncts.obj
c:\users\cdwil\onedrive - afacademy.af.edu\cs210\easyhash\x64\debug\easyhash.exe
c:\users\cdwil\onedrive - afacademy.af.edu\cs210\easyhash\x64\debug\easyhash.ilk
c:\users\cdwil\onedrive - afacademy.af.edu\cs210\easyhash\x64\debug\easyhash.pdb
c:\users\cdwil\onedrive - afacademy.af.edu\cs210\easyhash\easyhash\x64\debug\main.obj
c:\users\cdwil\onedrive - afacademy.af.edu\cs210\easyhash\easyhash\x64\debug\easyhash.tlog\cl.command.1.tlog
c:\users\cdwil\onedrive - afacademy.af.edu\cs210\easyhash\easyhash\x64\debug\easyhash.tlog\cl.read.1.tlog
c:\users\cdwil\onedrive - afacademy.af.edu\cs210\easyhash\easyhash\x64\debug\easyhash.tlog\cl.write.1.tlog
c:\users\cdwil\onedrive - afacademy.af.edu\cs210\easyhash\easyhash\x64\debug\easyhash.tlog\link-cvtres.read.1.tlog
c:\users\cdwil\onedrive - afacademy.af.edu\cs210\easyhash\easyhash\x64\debug\easyhash.tlog\link-cvtres.write.1.tlog
c:\users\cdwil\onedrive - afacademy.af.edu\cs210\easyhash\easyhash\x64\debug\easyhash.tlog\link-rc.read.1.tlog
c:\users\cdwil\onedrive - afacademy.af.edu\cs210\easyhash\easyhash\x64\debug\easyhash.tlog\link-rc.write.1.tlog
c:\users\cdwil\onedrive - afacademy.af.edu\cs210\easyhash\easyhash\x64\debug\easyhash.tlog\link.17688-cvtres.read.1.tlog
c:\users\cdwil\onedrive - afacademy.af.edu\cs210\easyhash\easyhash\x64\debug\easyhash.tlog\link.17688-cvtres.write.1.tlog
c:\users\cdwil\onedrive - afacademy.af.edu\cs210\easyhash\easyhash\x64\debug\easyhash.tlog\link.17688-rc.read.1.tlog
c:\users\cdwil\onedrive - afacademy.af.edu\cs210\easyhash\easyhash\x64\debug\easyhash.tlog\link.17688-rc.write.1.tlog
c:\users\cdwil\onedrive - afacademy.af.edu\cs210\easyhash\easyhash\x64\debug\easyhash.tlog\link.17688.read.1.tlog
c:\users\cdwil\onedrive - afacademy.af.edu\cs210\easyhash\easyhash\x64\debug\easyhash.tlog\link.17688.write.1.tlog
c:\users\cdwil\onedrive - afacademy.af.edu\cs210\easyhash\easyhash\x64\debug\easyhash.tlog\link.command.1.tlog
c:\users\cdwil\onedrive - afacademy.af.edu\cs210\easyhash\easyhash\x64\debug\easyhash.tlog\link.read.1.tlog
c:\users\cdwil\onedrive - afacademy.af.edu\cs210\easyhash\easyhash\x64\debug\easyhash.tlog\link.write.1.tlog
